\BOOKMARK [1][-]{section.1}{Introduction}{}% 1
\BOOKMARK [1][-]{section.2}{Outline}{}% 2
\BOOKMARK [1][-]{section.3}{Perturbation Evolution}{}% 3
\BOOKMARK [1][-]{section.4}{Dissipation Equation Physics}{}% 4
\BOOKMARK [1][-]{section.5}{Driving Perturbations}{}% 5
\BOOKMARK [1][-]{section.6}{C-ARMA\(2,1\)}{}% 6
\BOOKMARK [1][-]{section.7}{Fitting C-ARMA Processes}{}% 7
\BOOKMARK [1][-]{section.8}{State Space Representations}{}% 8
\BOOKMARK [1][-]{section.9}{Sampling}{}% 9
\BOOKMARK [1][-]{section.10}{Parameter Estimation}{}% 10
\BOOKMARK [1][-]{section.11}{Model Selection}{}% 11
\BOOKMARK [1][-]{section.12}{Light Curve Smoothing}{}% 12
\BOOKMARK [1][-]{section.13}{C-ARMA Analysis Steps}{}% 13
\BOOKMARK [1][-]{section.14}{C-ARMA Analysis of Zw 229-15}{}% 14
\BOOKMARK [2][-]{subsection.14.1}{Light Curve}{section.14}% 15
\BOOKMARK [2][-]{subsection.14.2}{C-ARMA Model for Zw 229-15}{section.14}% 16
\BOOKMARK [2][-]{subsection.14.3}{dHO Behavior of Zw 229-15}{section.14}% 17
\BOOKMARK [2][-]{subsection.14.4}{Moire Pattern Noise}{section.14}% 18
\BOOKMARK [1][-]{section.15}{Discussion}{}% 19
\BOOKMARK [1][-]{section.16}{Conclusion}{}% 20
