\BOOKMARK [1][-]{section.1}{Introduction}{}% 1
\BOOKMARK [1][-]{section.2}{Outline}{}% 2
\BOOKMARK [1][-]{section.3}{C-ARMA Physics}{}% 3
\BOOKMARK [1][-]{section.4}{C-ARMA\(2,1\)}{}% 4
\BOOKMARK [1][-]{section.5}{kali}{}% 5
\BOOKMARK [1][-]{section.6}{C-ARMA Analysis of Zw 229-15}{}% 6
\BOOKMARK [2][-]{subsection.6.1}{C-ARMA Model for Zw 229-15}{section.6}% 7
\BOOKMARK [2][-]{subsection.6.2}{dHO Behavior of Zw 229-15}{section.6}% 8
\BOOKMARK [2][-]{subsection.6.3}{Moire Pattern Noise}{section.6}% 9
\BOOKMARK [2][-]{subsection.6.4}{Discussion}{section.6}% 10
\BOOKMARK [1][-]{section.7}{Conclusion}{}% 11
\BOOKMARK [1][-]{section.A1}{Perturbation Evolution}{}% 12
\BOOKMARK [1][-]{section.A2}{Green's Function Computation}{}% 13
\BOOKMARK [1][-]{section.A3}{Stochastic Impulses Mathematics}{}% 14
\BOOKMARK [1][-]{section.A4}{kali}{}% 15
\BOOKMARK [2][-]{subsection.A4.1}{Fitting C-ARMA Processes}{section.A4}% 16
\BOOKMARK [2][-]{subsection.A4.2}{Representations}{section.A4}% 17
\BOOKMARK [2][-]{subsection.A4.3}{Sampling}{section.A4}% 18
\BOOKMARK [2][-]{subsection.A4.4}{Parameter Estimation}{section.A4}% 19
\BOOKMARK [2][-]{subsection.A4.5}{Model Selection}{section.A4}% 20
\BOOKMARK [2][-]{subsection.A4.6}{Light Curve Smoothing}{section.A4}% 21
